running egg_info
writing ../../build/nmpc_pkg/nmpc_pkg.egg-info/PKG-INFO
writing dependency_links to ../../build/nmpc_pkg/nmpc_pkg.egg-info/dependency_links.txt
writing entry points to ../../build/nmpc_pkg/nmpc_pkg.egg-info/entry_points.txt
writing requirements to ../../build/nmpc_pkg/nmpc_pkg.egg-info/requires.txt
writing top-level names to ../../build/nmpc_pkg/nmpc_pkg.egg-info/top_level.txt
reading manifest file '../../build/nmpc_pkg/nmpc_pkg.egg-info/SOURCES.txt'
writing manifest file '../../build/nmpc_pkg/nmpc_pkg.egg-info/SOURCES.txt'
running build
running build_py
copying nmpc_pkg/navigan_controller_node.py -> /home/administrator/code/nmpc_ws/build/nmpc_pkg/build/lib/nmpc_pkg
running install
running install_lib
copying /home/administrator/code/nmpc_ws/build/nmpc_pkg/build/lib/nmpc_pkg/navigan_controller_node.py -> /home/administrator/code/nmpc_ws/install/nmpc_pkg/lib/python3.10/site-packages/nmpc_pkg
byte-compiling /home/administrator/code/nmpc_ws/install/nmpc_pkg/lib/python3.10/site-packages/nmpc_pkg/navigan_controller_node.py to navigan_controller_node.cpython-310.pyc
running install_data
running install_egg_info
removing '/home/administrator/code/nmpc_ws/install/nmpc_pkg/lib/python3.10/site-packages/nmpc_pkg-0.0.0-py3.10.egg-info' (and everything under it)
Copying ../../build/nmpc_pkg/nmpc_pkg.egg-info to /home/administrator/code/nmpc_ws/install/nmpc_pkg/lib/python3.10/site-packages/nmpc_pkg-0.0.0-py3.10.egg-info
running install_scripts
Installing gotostart script to /home/administrator/code/nmpc_ws/install/nmpc_pkg/lib/nmpc_pkg
Installing navigan_nmpc_controller_node script to /home/administrator/code/nmpc_ws/install/nmpc_pkg/lib/nmpc_pkg
Installing nmpc_controller_node script to /home/administrator/code/nmpc_ws/install/nmpc_pkg/lib/nmpc_pkg
Installing record script to /home/administrator/code/nmpc_ws/install/nmpc_pkg/lib/nmpc_pkg
writing list of installed files to '/home/administrator/code/nmpc_ws/build/nmpc_pkg/install.log'
